<?xml version="1.0" encoding="UTF-8"?>
<!-- Generated by org.testng.reporters.JUnitXMLReporter -->
<testsuite hostname="DESKTOP-5TRQ2HB" name="Test in Firefox" tests="19" failures="0" timestamp="21 Jun 2019 20:46:37 GMT" time="12.78" errors="0">
  <testcase name="@BeforeMethod beforeTestStart" time="0.0" classname="tests.VerifyHeaderTabsTakeUsertotheRightPage">
    <failure type="org.openqa.selenium.WebDriverException" message="chrome not reachable
  (Session info: chrome=74.0.3729.169)
  (Driver info: chromedriver=74.0.3729.6 (255758eccf3d244491b8a1317aa76e1ce10d57e9-refs/branch-heads/3729@{#29}),platform=Windows NT 10.0.17134 x86_64) (WARNING: The server did not provide any stacktrace information)
Command duration or timeout: 0 milliseconds
Build info: version: &amp;apos;3.8.1&amp;apos;, revision: &amp;apos;6e95a6684b&amp;apos;, time: &amp;apos;2017-12-01T19:05:14.666Z&amp;apos;
System info: host: &amp;apos;DESKTOP-5TRQ2HB&amp;apos;, ip: &amp;apos;192.168.1.135&amp;apos;, os.name: &amp;apos;Windows 10&amp;apos;, os.arch: &amp;apos;amd64&amp;apos;, os.version: &amp;apos;10.0&amp;apos;, java.version: &amp;apos;1.8.0_191&amp;apos;
Driver info: org.openqa.selenium.chrome.ChromeDriver
Capabilities {acceptInsecureCerts: false, acceptSslCerts: false, applicationCacheEnabled: false, browserConnectionEnabled: false, browserName: chrome, chrome: {chromedriverVersion: 74.0.3729.6 (255758eccf3d24..., userDataDir: C:\Users\mdjal\AppData\Loca...}, cssSelectorsEnabled: true, databaseEnabled: false, goog:chromeOptions: {debuggerAddress: localhost:52140}, handlesAlerts: true, hasTouchScreen: false, javascriptEnabled: true, locationContextEnabled: true, mobileEmulationEnabled: false, nativeEvents: true, networkConnectionEnabled: false, pageLoadStrategy: normal, platform: XP, platformName: XP, proxy: Proxy(), rotatable: false, setWindowRect: true, strictFileInteractability: false, takesHeapSnapshot: true, takesScreenshot: true, timeouts: {implicit: 0, pageLoad: 300000, script: 30000}, unexpectedAlertBehaviour: ignore, unhandledPromptBehavior: ignore, version: 74.0.3729.169, webStorageEnabled: true}
Session ID: 2c9cda0a93f1d7e670d618b3d0776897">
      <![CDATA[org.openqa.selenium.WebDriverException: chrome not reachable
  (Session info: chrome=74.0.3729.169)
  (Driver info: chromedriver=74.0.3729.6 (255758eccf3d244491b8a1317aa76e1ce10d57e9-refs/branch-heads/3729@{#29}),platform=Windows NT 10.0.17134 x86_64) (WARNING: The server did not provide any stacktrace information)
Command duration or timeout: 0 milliseconds
Build info: version: '3.8.1', revision: '6e95a6684b', time: '2017-12-01T19:05:14.666Z'
System info: host: 'DESKTOP-5TRQ2HB', ip: '192.168.1.135', os.name: 'Windows 10', os.arch: 'amd64', os.version: '10.0', java.version: '1.8.0_191'
Driver info: org.openqa.selenium.chrome.ChromeDriver
Capabilities {acceptInsecureCerts: false, acceptSslCerts: false, applicationCacheEnabled: false, browserConnectionEnabled: false, browserName: chrome, chrome: {chromedriverVersion: 74.0.3729.6 (255758eccf3d24..., userDataDir: C:\Users\mdjal\AppData\Loca...}, cssSelectorsEnabled: true, databaseEnabled: false, goog:chromeOptions: {debuggerAddress: localhost:52140}, handlesAlerts: true, hasTouchScreen: false, javascriptEnabled: true, locationContextEnabled: true, mobileEmulationEnabled: false, nativeEvents: true, networkConnectionEnabled: false, pageLoadStrategy: normal, platform: XP, platformName: XP, proxy: Proxy(), rotatable: false, setWindowRect: true, strictFileInteractability: false, takesHeapSnapshot: true, takesScreenshot: true, timeouts: {implicit: 0, pageLoad: 300000, script: 30000}, unexpectedAlertBehaviour: ignore, unhandledPromptBehavior: ignore, version: 74.0.3729.169, webStorageEnabled: true}
Session ID: 2c9cda0a93f1d7e670d618b3d0776897
	at org.openqa.selenium.remote.ErrorHandler.createThrowable(ErrorHandler.java:214)
	at org.openqa.selenium.remote.ErrorHandler.throwIfResponseFailed(ErrorHandler.java:166)
	at org.openqa.selenium.remote.http.JsonHttpResponseCodec.reconstructValue(JsonHttpResponseCodec.java:40)
	at org.openqa.selenium.remote.http.AbstractHttpResponseCodec.decode(AbstractHttpResponseCodec.java:80)
	at org.openqa.selenium.remote.http.AbstractHttpResponseCodec.decode(AbstractHttpResponseCodec.java:44)
	at org.openqa.selenium.remote.HttpCommandExecutor.execute(HttpCommandExecutor.java:164)
	at org.openqa.selenium.remote.service.DriverCommandExecutor.execute(DriverCommandExecutor.java:83)
	at org.openqa.selenium.remote.RemoteWebDriver.execute(RemoteWebDriver.java:601)
	at org.openqa.selenium.remote.RemoteWebDriver.execute(RemoteWebDriver.java:658)
	at org.openqa.selenium.remote.RemoteWebDriver$RemoteWebDriverOptions$RemoteWindow.maximize(RemoteWebDriver.java:892)
	at base.Config.beforeTestStart(Config.java:39)
... Removed 29 stack frames]]>
    </failure>
  </testcase> <!-- @BeforeMethod beforeTestStart -->
  <testcase name="@AfterMethod closeWindow" time="0.0" classname="tests.VerifyHeaderTabsTakeUsertotheRightPage">
    <skipped/>
  </testcase> <!-- @AfterMethod closeWindow -->
  <testcase name="@BeforeMethod beforeTestStart" time="0.0" classname="tests.BookingaDesiredCar_Major_Functionality">
    <skipped/>
  </testcase> <!-- @BeforeMethod beforeTestStart -->
  <testcase name="@AfterMethod closeWindow" time="0.0" classname="tests.BookingaDesiredCar_Major_Functionality">
    <skipped/>
  </testcase> <!-- @AfterMethod closeWindow -->
  <testcase name="@BeforeMethod beforeTestStart" time="0.0" classname="tests.VerifyExpediaLogoandQRCodeDisplayedonTheHomePage">
    <skipped/>
  </testcase> <!-- @BeforeMethod beforeTestStart -->
  <testcase name="@AfterMethod closeWindow" time="0.0" classname="tests.VerifyExpediaLogoandQRCodeDisplayedonTheHomePage">
    <skipped/>
  </testcase> <!-- @AfterMethod closeWindow -->
  <testcase name="@BeforeMethod beforeTestStart" time="0.0" classname="tests.VerifyExpediaLogoandQRCodeDisplayedonTheHomePage">
    <skipped/>
  </testcase> <!-- @BeforeMethod beforeTestStart -->
  <testcase name="@AfterMethod closeWindow" time="0.0" classname="tests.VerifyExpediaLogoandQRCodeDisplayedonTheHomePage">
    <skipped/>
  </testcase> <!-- @AfterMethod closeWindow -->
  <testcase name="@BeforeMethod beforeTestStart" time="0.0" classname="tests.SearchThingstoDobyDestination">
    <skipped/>
  </testcase> <!-- @BeforeMethod beforeTestStart -->
  <testcase name="@AfterMethod closeWindow" time="0.0" classname="tests.SearchThingstoDobyDestination">
    <skipped/>
  </testcase> <!-- @AfterMethod closeWindow -->
  <testcase name="@BeforeMethod beforeTestStart" time="0.0" classname="tests.VerifyHomePageScrollBarMovesAlltheWayBottomofthePage">
    <skipped/>
  </testcase> <!-- @BeforeMethod beforeTestStart -->
  <testcase name="@AfterMethod closeWindow" time="0.0" classname="tests.VerifyHomePageScrollBarMovesAlltheWayBottomofthePage">
    <skipped/>
  </testcase> <!-- @AfterMethod closeWindow -->
  <testcase name="@BeforeMethod beforeTestStart" time="0.0" classname="tests.writeinXl">
    <skipped/>
  </testcase> <!-- @BeforeMethod beforeTestStart -->
  <testcase name="@AfterMethod closeWindow" time="0.0" classname="tests.writeinXl">
    <skipped/>
  </testcase> <!-- @AfterMethod closeWindow -->
  <testcase name="@BeforeMethod beforeTestStart" time="0.0" classname="tests.VerifySubHeaderTabsTakeUsertotheRightPage">
    <skipped/>
  </testcase> <!-- @BeforeMethod beforeTestStart -->
  <testcase name="@AfterMethod closeWindow" time="0.0" classname="tests.VerifySubHeaderTabsTakeUsertotheRightPage">
    <skipped/>
  </testcase> <!-- @AfterMethod closeWindow -->
  <testcase name="@BeforeMethod beforeTestStart" time="0.0" classname="tests.VerifyUserUsedRightUrl">
    <skipped/>
  </testcase> <!-- @BeforeMethod beforeTestStart -->
  <testcase name="@AfterMethod closeWindow" time="0.0" classname="tests.VerifyUserUsedRightUrl">
    <skipped/>
  </testcase> <!-- @AfterMethod closeWindow -->
  <testcase name="@BeforeMethod beforeTestStart" time="0.0" classname="tests.VerifyUserLandedontheRightPage">
    <skipped/>
  </testcase> <!-- @BeforeMethod beforeTestStart -->
  <testcase name="@AfterMethod closeWindow" time="0.0" classname="tests.VerifyUserLandedontheRightPage">
    <skipped/>
  </testcase> <!-- @AfterMethod closeWindow -->
  <testcase name="@BeforeMethod beforeTestStart" time="0.0" classname="tests.PracticeAssertisbeingFailedIntentianllytoSeeapictureintheXLSTReport">
    <skipped/>
  </testcase> <!-- @BeforeMethod beforeTestStart -->
  <testcase name="@AfterMethod closeWindow" time="0.0" classname="tests.PracticeAssertisbeingFailedIntentianllytoSeeapictureintheXLSTReport">
    <skipped/>
  </testcase> <!-- @AfterMethod closeWindow -->
  <testcase name="@BeforeMethod beforeTestStart" time="0.0" classname="tests.SigninwithValidCredentials">
    <skipped/>
  </testcase> <!-- @BeforeMethod beforeTestStart -->
  <testcase name="@AfterMethod closeWindow" time="0.0" classname="tests.SigninwithValidCredentials">
    <skipped/>
  </testcase> <!-- @AfterMethod closeWindow -->
  <testcase name="@BeforeMethod beforeTestStart" time="0.0" classname="tests.ConfirmUserReceivedLinktexttoDownloadExpediaApp">
    <skipped/>
  </testcase> <!-- @BeforeMethod beforeTestStart -->
  <testcase name="@AfterMethod closeWindow" time="0.0" classname="tests.ConfirmUserReceivedLinktexttoDownloadExpediaApp">
    <skipped/>
  </testcase> <!-- @AfterMethod closeWindow -->
  <testcase name="@BeforeMethod beforeTestStart" time="0.0" classname="tests.CreateAnAccountWithExpedia">
    <skipped/>
  </testcase> <!-- @BeforeMethod beforeTestStart -->
  <testcase name="@AfterMethod closeWindow" time="0.0" classname="tests.CreateAnAccountWithExpedia">
    <skipped/>
  </testcase> <!-- @AfterMethod closeWindow -->
  <testcase name="@BeforeMethod beforeTestStart" time="0.0" classname="tests.ReadFromXl">
    <skipped/>
  </testcase> <!-- @BeforeMethod beforeTestStart -->
  <testcase name="@AfterMethod closeWindow" time="0.0" classname="tests.ReadFromXl">
    <skipped/>
  </testcase> <!-- @AfterMethod closeWindow -->
  <testcase name="@BeforeMethod beforeTestStart" time="0.0" classname="tests.SubHeaderFlights">
    <skipped/>
  </testcase> <!-- @BeforeMethod beforeTestStart -->
  <testcase name="@AfterMethod closeWindow" time="0.0" classname="tests.SubHeaderFlights">
    <skipped/>
  </testcase> <!-- @AfterMethod closeWindow -->
  <testcase name="@BeforeMethod beforeTestStart" time="0.0" classname="tests.TotalLinksCount">
    <skipped/>
  </testcase> <!-- @BeforeMethod beforeTestStart -->
  <testcase name="@AfterMethod closeWindow" time="0.0" classname="tests.TotalLinksCount">
    <skipped/>
  </testcase> <!-- @AfterMethod closeWindow -->
  <testcase name="@BeforeMethod beforeTestStart" time="0.0" classname="tests.Totalimagescountinthewebpage">
    <skipped/>
  </testcase> <!-- @BeforeMethod beforeTestStart -->
  <testcase name="@AfterMethod closeWindow" time="0.0" classname="tests.Totalimagescountinthewebpage">
    <skipped/>
  </testcase> <!-- @AfterMethod closeWindow -->
  <testcase name="@BeforeMethod beforeTestStart" time="0.0" classname="tests.CountIframeinthePage">
    <skipped/>
  </testcase> <!-- @BeforeMethod beforeTestStart -->
  <testcase name="@AfterMethod closeWindow" time="0.0" classname="tests.CountIframeinthePage">
    <skipped/>
  </testcase> <!-- @AfterMethod closeWindow -->
  <testcase name="headerTabsClickability" time="0.0" classname="tests.VerifyHeaderTabsTakeUsertotheRightPage">
    <skipped/>
  </testcase> <!-- headerTabsClickability -->
  <testcase name="carReservation" time="0.0" classname="tests.BookingaDesiredCar_Major_Functionality">
    <skipped/>
  </testcase> <!-- carReservation -->
  <testcase name="expediaLogo" time="0.0" classname="tests.VerifyExpediaLogoandQRCodeDisplayedonTheHomePage">
    <skipped/>
  </testcase> <!-- expediaLogo -->
  <testcase name="scanQRCode" time="0.0" classname="tests.VerifyExpediaLogoandQRCodeDisplayedonTheHomePage">
    <skipped/>
  </testcase> <!-- scanQRCode -->
  <testcase name="thingstoDo" time="0.0" classname="tests.SearchThingstoDobyDestination">
    <skipped/>
  </testcase> <!-- thingstoDo -->
  <testcase name="expediaMainPageScrollBar" time="0.0" classname="tests.VerifyHomePageScrollBarMovesAlltheWayBottomofthePage">
    <skipped/>
  </testcase> <!-- expediaMainPageScrollBar -->
  <testcase name="testWriteinxl" time="0.0" classname="tests.writeinXl">
    <skipped/>
  </testcase> <!-- testWriteinxl -->
  <testcase name="subHeaderTabs" time="0.0" classname="tests.VerifySubHeaderTabsTakeUsertotheRightPage">
    <skipped/>
  </testcase> <!-- subHeaderTabs -->
  <testcase name="usingrighturl" time="0.0" classname="tests.VerifyUserUsedRightUrl">
    <skipped/>
  </testcase> <!-- usingrighturl -->
  <testcase name="userLandedontherightpage" time="0.0" classname="tests.VerifyUserLandedontheRightPage">
    <skipped/>
  </testcase> <!-- userLandedontherightpage -->
  <testcase name="trycathch" time="0.0" classname="tests.PracticeAssertisbeingFailedIntentianllytoSeeapictureintheXLSTReport">
    <skipped/>
  </testcase> <!-- trycathch -->
  <testcase name="signInAccount" time="0.0" classname="tests.SigninwithValidCredentials">
    <skipped/>
  </testcase> <!-- signInAccount -->
  <testcase name="textMessageReceive" time="0.0" classname="tests.ConfirmUserReceivedLinktexttoDownloadExpediaApp">
    <skipped/>
  </testcase> <!-- textMessageReceive -->
  <testcase name="accountHeader" time="0.0" classname="tests.CreateAnAccountWithExpedia">
    <skipped/>
  </testcase> <!-- accountHeader -->
  <testcase name="testReadFromXl" time="0.0" classname="tests.ReadFromXl">
    <skipped/>
  </testcase> <!-- testReadFromXl -->
  <testcase name="flights" time="0.001" classname="tests.SubHeaderFlights">
    <skipped/>
  </testcase> <!-- flights -->
  <testcase name="pageLinksCount" time="0.0" classname="tests.TotalLinksCount">
    <skipped/>
  </testcase> <!-- pageLinksCount -->
  <testcase name="totalImageCount" time="0.0" classname="tests.Totalimagescountinthewebpage">
    <skipped/>
  </testcase> <!-- totalImageCount -->
  <testcase name="countIframe" time="0.0" classname="tests.CountIframeinthePage">
    <skipped/>
  </testcase> <!-- countIframe -->
</testsuite> <!-- Test in Firefox -->
