<?xml version="1.0" encoding="UTF-8"?>
<!-- Generated by org.testng.reporters.JUnitXMLReporter -->
<testsuite hostname="DESKTOP-5TRQ2HB" name="Test" tests="25" failures="2" timestamp="1 Jun 2019 00:56:04 GMT" time="415.592" errors="0">
  <testcase name="headerTabsClickability" time="45.803" classname="tests.VerifyHeaderTabsTakeUsertotheRightPage"/>
  <testcase name="carReservation" time="61.092" classname="tests.BookingaDesiredCar_Major_Functionality">
    <failure type="org.openqa.selenium.NoSuchElementException" message="no such element: Unable to locate element: {&amp;quot;method&amp;quot;:&amp;quot;id&amp;quot;,&amp;quot;selector&amp;quot;:&amp;quot;ember1546&amp;quot;}
  (Session info: chrome=74.0.3729.169)
  (Driver info: chromedriver=74.0.3729.6 (255758eccf3d244491b8a1317aa76e1ce10d57e9-refs/branch-heads/3729@{#29}),platform=Windows NT 10.0.17134 x86_64) (WARNING: The server did not provide any stacktrace information)
Command duration or timeout: 0 milliseconds
For documentation on this error, please visit: http://seleniumhq.org/exceptions/no_such_element.html
Build info: version: &amp;apos;3.8.1&amp;apos;, revision: &amp;apos;6e95a6684b&amp;apos;, time: &amp;apos;2017-12-01T19:05:14.666Z&amp;apos;
System info: host: &amp;apos;DESKTOP-5TRQ2HB&amp;apos;, ip: &amp;apos;192.168.1.135&amp;apos;, os.name: &amp;apos;Windows 10&amp;apos;, os.arch: &amp;apos;amd64&amp;apos;, os.version: &amp;apos;10.0&amp;apos;, java.version: &amp;apos;1.8.0_181&amp;apos;
Driver info: org.openqa.selenium.chrome.ChromeDriver
Capabilities {acceptInsecureCerts: false, acceptSslCerts: false, applicationCacheEnabled: false, browserConnectionEnabled: false, browserName: chrome, chrome: {chromedriverVersion: 74.0.3729.6 (255758eccf3d24..., userDataDir: C:\Users\mdjal\AppData\Loca...}, cssSelectorsEnabled: true, databaseEnabled: false, goog:chromeOptions: {debuggerAddress: localhost:64637}, handlesAlerts: true, hasTouchScreen: false, javascriptEnabled: true, locationContextEnabled: true, mobileEmulationEnabled: false, nativeEvents: true, networkConnectionEnabled: false, pageLoadStrategy: normal, platform: XP, platformName: XP, proxy: Proxy(), rotatable: false, setWindowRect: true, strictFileInteractability: false, takesHeapSnapshot: true, takesScreenshot: true, timeouts: {implicit: 0, pageLoad: 300000, script: 30000}, unexpectedAlertBehaviour: ignore, unhandledPromptBehavior: ignore, version: 74.0.3729.169, webStorageEnabled: true}
Session ID: 6eea5646331455037177db2f927fd852
*** Element info: {Using=id, value=ember1546}">
      <![CDATA[org.openqa.selenium.NoSuchElementException: no such element: Unable to locate element: {"method":"id","selector":"ember1546"}
  (Session info: chrome=74.0.3729.169)
  (Driver info: chromedriver=74.0.3729.6 (255758eccf3d244491b8a1317aa76e1ce10d57e9-refs/branch-heads/3729@{#29}),platform=Windows NT 10.0.17134 x86_64) (WARNING: The server did not provide any stacktrace information)
Command duration or timeout: 0 milliseconds
For documentation on this error, please visit: http://seleniumhq.org/exceptions/no_such_element.html
Build info: version: '3.8.1', revision: '6e95a6684b', time: '2017-12-01T19:05:14.666Z'
System info: host: 'DESKTOP-5TRQ2HB', ip: '192.168.1.135', os.name: 'Windows 10', os.arch: 'amd64', os.version: '10.0', java.version: '1.8.0_181'
Driver info: org.openqa.selenium.chrome.ChromeDriver
Capabilities {acceptInsecureCerts: false, acceptSslCerts: false, applicationCacheEnabled: false, browserConnectionEnabled: false, browserName: chrome, chrome: {chromedriverVersion: 74.0.3729.6 (255758eccf3d24..., userDataDir: C:\Users\mdjal\AppData\Loca...}, cssSelectorsEnabled: true, databaseEnabled: false, goog:chromeOptions: {debuggerAddress: localhost:64637}, handlesAlerts: true, hasTouchScreen: false, javascriptEnabled: true, locationContextEnabled: true, mobileEmulationEnabled: false, nativeEvents: true, networkConnectionEnabled: false, pageLoadStrategy: normal, platform: XP, platformName: XP, proxy: Proxy(), rotatable: false, setWindowRect: true, strictFileInteractability: false, takesHeapSnapshot: true, takesScreenshot: true, timeouts: {implicit: 0, pageLoad: 300000, script: 30000}, unexpectedAlertBehaviour: ignore, unhandledPromptBehavior: ignore, version: 74.0.3729.169, webStorageEnabled: true}
Session ID: 6eea5646331455037177db2f927fd852
*** Element info: {Using=id, value=ember1546}
	at org.openqa.selenium.remote.ErrorHandler.createThrowable(ErrorHandler.java:214)
	at org.openqa.selenium.remote.ErrorHandler.throwIfResponseFailed(ErrorHandler.java:166)
	at org.openqa.selenium.remote.http.JsonHttpResponseCodec.reconstructValue(JsonHttpResponseCodec.java:40)
	at org.openqa.selenium.remote.http.AbstractHttpResponseCodec.decode(AbstractHttpResponseCodec.java:80)
	at org.openqa.selenium.remote.http.AbstractHttpResponseCodec.decode(AbstractHttpResponseCodec.java:44)
	at org.openqa.selenium.remote.HttpCommandExecutor.execute(HttpCommandExecutor.java:164)
	at org.openqa.selenium.remote.service.DriverCommandExecutor.execute(DriverCommandExecutor.java:83)
	at org.openqa.selenium.remote.RemoteWebDriver.execute(RemoteWebDriver.java:601)
	at org.openqa.selenium.remote.RemoteWebDriver.findElement(RemoteWebDriver.java:371)
	at org.openqa.selenium.remote.RemoteWebDriver.findElementById(RemoteWebDriver.java:417)
	at org.openqa.selenium.By$ById.findElement(By.java:218)
	at org.openqa.selenium.remote.RemoteWebDriver.findElement(RemoteWebDriver.java:363)
	at utils.WebDriverFunctions.clickById(WebDriverFunctions.java:70)
	at tests.BookingaDesiredCar_Major_Functionality.carReservation(BookingaDesiredCar_Major_Functionality.java:136)
... Removed 28 stack frames]]>
    </failure>
  </testcase> <!-- carReservation -->
  <testcase name="expediaLogo" time="0.091" classname="tests.VerifyExpediaLogoandQRCodeDisplayedonTheHomePage"/>
  <testcase name="scanQRCode" time="0.098" classname="tests.VerifyExpediaLogoandQRCodeDisplayedonTheHomePage"/>
  <testcase name="thingstoDo" time="12.662" classname="tests.SearchThingstoDobyDestination"/>
  <testcase name="expediaMainPageScrollBar" time="3.066" classname="tests.VerifyHomePageScrollBarMovesAlltheWayBottomofthePage"/>
  <testcase name="subHeaderTabs" time="2.417" classname="tests.VerifySubHeaderTabsTakeUsertotheRightPage">
    <skipped/>
  </testcase> <!-- subHeaderTabs -->
  <testcase name="expedia" time="0.108" classname="tests.VerifyallFooterlinksDisplayedasRequirements"/>
  <testcase name="expediaFooterLinkTexts" time="0.507" classname="tests.VerifyallFooterlinksDisplayedasRequirements"/>
  <testcase name="expediaRewardsFooterLinkTexts" time="0.323" classname="tests.VerifyallFooterlinksDisplayedasRequirements"/>
  <testcase name="expediaLinksFooterLinktexts" time="0.36" classname="tests.VerifyallFooterlinksDisplayedasRequirements"/>
  <testcase name="expediaSitemapsFooterLinkTexts" time="0.42" classname="tests.VerifyallFooterlinksDisplayedasRequirements"/>
  <testcase name="expediaPartnerServicesFooterLinkTexts" time="0.599" classname="tests.VerifyallFooterlinksDisplayedasRequirements"/>
  <testcase name="expediaGlobalSitesFooterLinkTexts" time="1.881" classname="tests.VerifyallFooterlinksDisplayedasRequirements"/>
  <testcase name="expediaPartnersFooterLinktexts" time="1.006" classname="tests.VerifyallFooterlinksDisplayedasRequirements"/>
  <testcase name="expediaEndTextAfterLinkTexts" time="0.118" classname="tests.VerifyallFooterlinksDisplayedasRequirements"/>
  <testcase name="testWriteinxl" time="0.354" classname="tests.writeinXl"/>
  <testcase name="userLandedontherightpage" time="0.042" classname="tests.VerifyUserLandedontheRightPage"/>
  <testcase name="usingrighturl" time="0.039" classname="tests.VerifyUserUsedRightUrl"/>
  <testcase name="trycathch" time="0.116" classname="tests.PracticeAssertisbeingFailedIntentianllytoSeeapictureintheXLSTReport">
    <failure type="java.lang.AssertionError" message="expected [Up to 30% hotel discounts] but found [Up to 30% hotel discounts for app users]">
      <![CDATA[java.lang.AssertionError: expected [Up to 30% hotel discounts] but found [Up to 30% hotel discounts for app users]
	at tests.PracticeAssertisbeingFailedIntentianllytoSeeapictureintheXLSTReport.trycathch(PracticeAssertisbeingFailedIntentianllytoSeeapictureintheXLSTReport.java:22)
... Removed 29 stack frames]]>
    </failure>
  </testcase> <!-- trycathch -->
  <testcase name="signInAccount" time="7.438" classname="tests.SigninwithValidCredentials"/>
  <testcase name="textMessageReceive" time="1.881" classname="tests.ConfirmUserReceivedLinktexttoDownloadExpediaApp"/>
  <testcase name="accountHeader" time="3.797" classname="tests.CreateAnAccountWithExpedia"/>
  <testcase name="testReadFromXl" time="2.617" classname="tests.ReadFromXl"/>
  <testcase name="flights" time="4.201" classname="tests.SubHeaderFlights"/>
</testsuite> <!-- Test -->
