<html>
<head>
<title>TestNG:  Test</title>
<link href="../testng.css" rel="stylesheet" type="text/css" />
<link href="../my-testng.css" rel="stylesheet" type="text/css" />

<style type="text/css">
.log { display: none;} 
.stack-trace { display: none;} 
</style>
<script type="text/javascript">
<!--
function flip(e) {
  current = e.style.display;
  if (current == 'block') {
    e.style.display = 'none';
    return 0;
  }
  else {
    e.style.display = 'block';
    return 1;
  }
}

function toggleBox(szDivId, elem, msg1, msg2)
{
  var res = -1;  if (document.getElementById) {
    res = flip(document.getElementById(szDivId));
  }
  else if (document.all) {
    // this is the way old msie versions work
    res = flip(document.all[szDivId]);
  }
  if(elem) {
    if(res == 0) elem.innerHTML = msg1; else elem.innerHTML = msg2;
  }

}

function toggleAllBoxes() {
  if (document.getElementsByTagName) {
    d = document.getElementsByTagName('div');
    for (i = 0; i < d.length; i++) {
      if (d[i].className == 'log') {
        flip(d[i]);
      }
    }
  }
}

// -->
</script>

</head>
<body>
<h2 align='center'>Test</h2><table border='1' align="center">
<tr>
<td>Tests passed/Failed/Skipped:</td><td>22/2/1</td>
</tr><tr>
<td>Started on:</td><td>Fri May 31 20:49:09 EDT 2019</td>
</tr>
<tr><td>Total time:</td><td>415 seconds (415592 ms)</td>
</tr><tr>
<td>Included groups:</td><td></td>
</tr><tr>
<td>Excluded groups:</td><td></td>
</tr>
</table><p/>
<small><i>(Hover the method name to see the test class name)</i></small><p/>
<table width='100%' border='1' class='invocation-failed'>
<tr><td colspan='4' align='center'><b>FAILED TESTS</b></td></tr>
<tr><td><b>Test method</b></td>
<td width="30%"><b>Exception</b></td>
<td width="10%"><b>Time (seconds)</b></td>
<td><b>Instance</b></td>
</tr>
<tr>
<td title='tests.BookingaDesiredCar_Major_Functionality.carReservation()'><b>carReservation</b><br>Test class: tests.BookingaDesiredCar_Major_Functionality</td>
<td><div><pre>org.openqa.selenium.NoSuchElementException: no such element: Unable to locate element: {&quot;method&quot;:&quot;id&quot;,&quot;selector&quot;:&quot;ember1546&quot;}
  (Session info: chrome=74.0.3729.169)
  (Driver info: chromedriver=74.0.3729.6 (255758eccf3d244491b8a1317aa76e1ce10d57e9-refs/branch-heads/3729@{#29}),platform=Windows NT 10.0.17134 x86_64) (WARNING: The server did not provide any stacktrace information)
Command duration or timeout: 0 milliseconds
For documentation on this error, please visit: http://seleniumhq.org/exceptions/no_such_element.html
Build info: version: &apos;3.8.1&apos;, revision: &apos;6e95a6684b&apos;, time: &apos;2017-12-01T19:05:14.666Z&apos;
System info: host: &apos;DESKTOP-5TRQ2HB&apos;, ip: &apos;192.168.1.135&apos;, os.name: &apos;Windows 10&apos;, os.arch: &apos;amd64&apos;, os.version: &apos;10.0&apos;, java.version: &apos;1.8.0_181&apos;
Driver info: org.openqa.selenium.chrome.ChromeDriver
Capabilities {acceptInsecureCerts: false, acceptSslCerts: false, applicationCacheEnabled: false, browserConnectionEnabled: false, browserName: chrome, chrome: {chromedriverVersion: 74.0.3729.6 (255758eccf3d24..., userDataDir: C:\Users\mdjal\AppData\Loca...}, cssSelectorsEnabled: true, databaseEnabled: false, goog:chromeOptions: {debuggerAddress: localhost:64637}, handlesAlerts: true, hasTouchScreen: false, javascriptEnabled: true, locationContextEnabled: true, mobileEmulationEnabled: false, nativeEvents: true, networkConnectionEnabled: false, pageLoadStrategy: normal, platform: XP, platformName: XP, proxy: Proxy(), rotatable: false, setWindowRect: true, strictFileInteractability: false, takesHeapSnapshot: true, takesScreenshot: true, timeouts: {implicit: 0, pageLoad: 300000, script: 30000}, unexpectedAlertBehaviour: ignore, unhandledPromptBehavior: ignore, version: 74.0.3729.169, webStorageEnabled: true}
Session ID: 6eea5646331455037177db2f927fd852
*** Element info: {Using=id, value=ember1546}
	at org.openqa.selenium.remote.ErrorHandler.createThrowable(ErrorHandler.java:214)
	at org.openqa.selenium.remote.ErrorHandler.throwIfResponseFailed(ErrorHandler.java:166)
	at org.openqa.selenium.remote.http.JsonHttpResponseCodec.reconstructValue(JsonHttpResponseCodec.java:40)
	at org.openqa.selenium.remote.http.AbstractHttpResponseCodec.decode(AbstractHttpResponseCodec.java:80)
	at org.openqa.selenium.remote.http.AbstractHttpResponseCodec.decode(AbstractHttpResponseCodec.java:44)
	at org.openqa.selenium.remote.HttpCommandExecutor.execute(HttpCommandExecutor.java:164)
	at org.openqa.selenium.remote.service.DriverCommandExecutor.execute(DriverCommandExecutor.java:83)
	at org.openqa.selenium.remote.RemoteWebDriver.execute(RemoteWebDriver.java:601)
	at org.openqa.selenium.remote.RemoteWebDriver.findElement(RemoteWebDriver.java:371)
	at org.openqa.selenium.remote.RemoteWebDriver.findElementById(RemoteWebDriver.java:417)
	at org.openqa.selenium.By$ById.findElement(By.java:218)
	at org.openqa.selenium.remote.RemoteWebDriver.findElement(RemoteWebDriver.java:363)
	at utils.WebDriverFunctions.clickById(WebDriverFunctions.java:70)
	at tests.BookingaDesiredCar_Major_Functionality.carReservation(BookingaDesiredCar_Major_Functionality.java:136)
... Removed 28 stack frames</pre></div><a href='#' onClick='toggleBox("stack-trace283039401", this, "Click to show all stack frames", "Click to hide stack frames")'>Click to show all stack frames</a>
<div class='stack-trace' id='stack-trace283039401'><pre>org.openqa.selenium.NoSuchElementException: no such element: Unable to locate element: {&quot;method&quot;:&quot;id&quot;,&quot;selector&quot;:&quot;ember1546&quot;}
  (Session info: chrome=74.0.3729.169)
  (Driver info: chromedriver=74.0.3729.6 (255758eccf3d244491b8a1317aa76e1ce10d57e9-refs/branch-heads/3729@{#29}),platform=Windows NT 10.0.17134 x86_64) (WARNING: The server did not provide any stacktrace information)
Command duration or timeout: 0 milliseconds
For documentation on this error, please visit: http://seleniumhq.org/exceptions/no_such_element.html
Build info: version: &apos;3.8.1&apos;, revision: &apos;6e95a6684b&apos;, time: &apos;2017-12-01T19:05:14.666Z&apos;
System info: host: &apos;DESKTOP-5TRQ2HB&apos;, ip: &apos;192.168.1.135&apos;, os.name: &apos;Windows 10&apos;, os.arch: &apos;amd64&apos;, os.version: &apos;10.0&apos;, java.version: &apos;1.8.0_181&apos;
Driver info: org.openqa.selenium.chrome.ChromeDriver
Capabilities {acceptInsecureCerts: false, acceptSslCerts: false, applicationCacheEnabled: false, browserConnectionEnabled: false, browserName: chrome, chrome: {chromedriverVersion: 74.0.3729.6 (255758eccf3d24..., userDataDir: C:\Users\mdjal\AppData\Loca...}, cssSelectorsEnabled: true, databaseEnabled: false, goog:chromeOptions: {debuggerAddress: localhost:64637}, handlesAlerts: true, hasTouchScreen: false, javascriptEnabled: true, locationContextEnabled: true, mobileEmulationEnabled: false, nativeEvents: true, networkConnectionEnabled: false, pageLoadStrategy: normal, platform: XP, platformName: XP, proxy: Proxy(), rotatable: false, setWindowRect: true, strictFileInteractability: false, takesHeapSnapshot: true, takesScreenshot: true, timeouts: {implicit: 0, pageLoad: 300000, script: 30000}, unexpectedAlertBehaviour: ignore, unhandledPromptBehavior: ignore, version: 74.0.3729.169, webStorageEnabled: true}
Session ID: 6eea5646331455037177db2f927fd852
*** Element info: {Using=id, value=ember1546}
	at sun.reflect.NativeConstructorAccessorImpl.newInstance0(Native Method)
	at sun.reflect.NativeConstructorAccessorImpl.newInstance(Unknown Source)
	at sun.reflect.DelegatingConstructorAccessorImpl.newInstance(Unknown Source)
	at java.lang.reflect.Constructor.newInstance(Unknown Source)
	at org.openqa.selenium.remote.ErrorHandler.createThrowable(ErrorHandler.java:214)
	at org.openqa.selenium.remote.ErrorHandler.throwIfResponseFailed(ErrorHandler.java:166)
	at org.openqa.selenium.remote.http.JsonHttpResponseCodec.reconstructValue(JsonHttpResponseCodec.java:40)
	at org.openqa.selenium.remote.http.AbstractHttpResponseCodec.decode(AbstractHttpResponseCodec.java:80)
	at org.openqa.selenium.remote.http.AbstractHttpResponseCodec.decode(AbstractHttpResponseCodec.java:44)
	at org.openqa.selenium.remote.HttpCommandExecutor.execute(HttpCommandExecutor.java:164)
	at org.openqa.selenium.remote.service.DriverCommandExecutor.execute(DriverCommandExecutor.java:83)
	at org.openqa.selenium.remote.RemoteWebDriver.execute(RemoteWebDriver.java:601)
	at org.openqa.selenium.remote.RemoteWebDriver.findElement(RemoteWebDriver.java:371)
	at org.openqa.selenium.remote.RemoteWebDriver.findElementById(RemoteWebDriver.java:417)
	at org.openqa.selenium.By$ById.findElement(By.java:218)
	at org.openqa.selenium.remote.RemoteWebDriver.findElement(RemoteWebDriver.java:363)
	at utils.WebDriverFunctions.clickById(WebDriverFunctions.java:70)
	at tests.BookingaDesiredCar_Major_Functionality.carReservation(BookingaDesiredCar_Major_Functionality.java:136)
	at sun.reflect.NativeMethodAccessorImpl.invoke0(Native Method)
	at sun.reflect.NativeMethodAccessorImpl.invoke(Unknown Source)
	at sun.reflect.DelegatingMethodAccessorImpl.invoke(Unknown Source)
	at java.lang.reflect.Method.invoke(Unknown Source)
	at org.testng.internal.MethodInvocationHelper.invokeMethod(MethodInvocationHelper.java:85)
	at org.testng.internal.Invoker.invokeMethod(Invoker.java:639)
	at org.testng.internal.Invoker.invokeTestMethod(Invoker.java:816)
	at org.testng.internal.Invoker.invokeTestMethods(Invoker.java:1124)
	at org.testng.internal.TestMethodWorker.invokeTestMethods(TestMethodWorker.java:125)
	at org.testng.internal.TestMethodWorker.run(TestMethodWorker.java:108)
	at org.testng.TestRunner.privateRun(TestRunner.java:774)
	at org.testng.TestRunner.run(TestRunner.java:624)
	at org.testng.SuiteRunner.runTest(SuiteRunner.java:359)
	at org.testng.SuiteRunner.runSequentially(SuiteRunner.java:354)
	at org.testng.SuiteRunner.privateRun(SuiteRunner.java:312)
	at org.testng.SuiteRunner.run(SuiteRunner.java:261)
	at org.testng.SuiteRunnerWorker.runSuite(SuiteRunnerWorker.java:52)
	at org.testng.SuiteRunnerWorker.run(SuiteRunnerWorker.java:86)
	at org.testng.TestNG.runSuitesSequentially(TestNG.java:1215)
	at org.testng.TestNG.runSuitesLocally(TestNG.java:1140)
	at org.testng.TestNG.run(TestNG.java:1048)
	at org.testng.remote.AbstractRemoteTestNG.run(AbstractRemoteTestNG.java:132)
	at org.testng.remote.RemoteTestNG.initAndRun(RemoteTestNG.java:236)
	at org.testng.remote.RemoteTestNG.main(RemoteTestNG.java:81)
</pre></div></td>
<td>61</td>
<td>tests.BookingaDesiredCar_Major_Functionality@41e36e46</td></tr>
<tr>
<td title='tests.PracticeAssertisbeingFailedIntentianllytoSeeapictureintheXLSTReport.trycathch()'><b>trycathch</b><br>Test class: tests.PracticeAssertisbeingFailedIntentianllytoSeeapictureintheXLSTReport</td>
<td><div><pre>java.lang.AssertionError: expected [Up to 30% hotel discounts] but found [Up to 30% hotel discounts for app users]
	at tests.PracticeAssertisbeingFailedIntentianllytoSeeapictureintheXLSTReport.trycathch(PracticeAssertisbeingFailedIntentianllytoSeeapictureintheXLSTReport.java:22)
... Removed 29 stack frames</pre></div><a href='#' onClick='toggleBox("stack-trace1493042329", this, "Click to show all stack frames", "Click to hide stack frames")'>Click to show all stack frames</a>
<div class='stack-trace' id='stack-trace1493042329'><pre>java.lang.AssertionError: expected [Up to 30% hotel discounts] but found [Up to 30% hotel discounts for app users]
	at org.testng.Assert.fail(Assert.java:94)
	at org.testng.Assert.failNotEquals(Assert.java:496)
	at org.testng.Assert.assertEquals(Assert.java:125)
	at org.testng.Assert.assertEquals(Assert.java:178)
	at org.testng.Assert.assertEquals(Assert.java:188)
	at tests.PracticeAssertisbeingFailedIntentianllytoSeeapictureintheXLSTReport.trycathch(PracticeAssertisbeingFailedIntentianllytoSeeapictureintheXLSTReport.java:22)
	at sun.reflect.NativeMethodAccessorImpl.invoke0(Native Method)
	at sun.reflect.NativeMethodAccessorImpl.invoke(Unknown Source)
	at sun.reflect.DelegatingMethodAccessorImpl.invoke(Unknown Source)
	at java.lang.reflect.Method.invoke(Unknown Source)
	at org.testng.internal.MethodInvocationHelper.invokeMethod(MethodInvocationHelper.java:85)
	at org.testng.internal.Invoker.invokeMethod(Invoker.java:639)
	at org.testng.internal.Invoker.invokeTestMethod(Invoker.java:816)
	at org.testng.internal.Invoker.invokeTestMethods(Invoker.java:1124)
	at org.testng.internal.TestMethodWorker.invokeTestMethods(TestMethodWorker.java:125)
	at org.testng.internal.TestMethodWorker.run(TestMethodWorker.java:108)
	at org.testng.TestRunner.privateRun(TestRunner.java:774)
	at org.testng.TestRunner.run(TestRunner.java:624)
	at org.testng.SuiteRunner.runTest(SuiteRunner.java:359)
	at org.testng.SuiteRunner.runSequentially(SuiteRunner.java:354)
	at org.testng.SuiteRunner.privateRun(SuiteRunner.java:312)
	at org.testng.SuiteRunner.run(SuiteRunner.java:261)
	at org.testng.SuiteRunnerWorker.runSuite(SuiteRunnerWorker.java:52)
	at org.testng.SuiteRunnerWorker.run(SuiteRunnerWorker.java:86)
	at org.testng.TestNG.runSuitesSequentially(TestNG.java:1215)
	at org.testng.TestNG.runSuitesLocally(TestNG.java:1140)
	at org.testng.TestNG.run(TestNG.java:1048)
	at org.testng.remote.AbstractRemoteTestNG.run(AbstractRemoteTestNG.java:132)
	at org.testng.remote.RemoteTestNG.initAndRun(RemoteTestNG.java:236)
	at org.testng.remote.RemoteTestNG.main(RemoteTestNG.java:81)
</pre></div></td>
<td>0</td>
<td>tests.PracticeAssertisbeingFailedIntentianllytoSeeapictureintheXLSTReport@15eb5ee5</td></tr>
</table><p>
<table width='100%' border='1' class='invocation-passed'>
<tr><td colspan='4' align='center'><b>PASSED TESTS</b></td></tr>
<tr><td><b>Test method</b></td>
<td width="30%"><b>Exception</b></td>
<td width="10%"><b>Time (seconds)</b></td>
<td><b>Instance</b></td>
</tr>
<tr>
<td title='tests.CreateAnAccountWithExpedia.accountHeader()'><b>accountHeader</b><br>Test class: tests.CreateAnAccountWithExpedia</td>
<td></td>
<td>3</td>
<td>tests.CreateAnAccountWithExpedia@72f926e6</td></tr>
<tr>
<td title='tests.VerifyallFooterlinksDisplayedasRequirements.expedia()'><b>expedia</b><br>Test class: tests.VerifyallFooterlinksDisplayedasRequirements</td>
<td></td>
<td>0</td>
<td>tests.VerifyallFooterlinksDisplayedasRequirements@4ac3c60d</td></tr>
<tr>
<td title='tests.VerifyallFooterlinksDisplayedasRequirements.expediaEndTextAfterLinkTexts()'><b>expediaEndTextAfterLinkTexts</b><br>Test class: tests.VerifyallFooterlinksDisplayedasRequirements</td>
<td></td>
<td>0</td>
<td>tests.VerifyallFooterlinksDisplayedasRequirements@4ac3c60d</td></tr>
<tr>
<td title='tests.VerifyallFooterlinksDisplayedasRequirements.expediaFooterLinkTexts()'><b>expediaFooterLinkTexts</b><br>Test class: tests.VerifyallFooterlinksDisplayedasRequirements</td>
<td></td>
<td>0</td>
<td>tests.VerifyallFooterlinksDisplayedasRequirements@4ac3c60d</td></tr>
<tr>
<td title='tests.VerifyallFooterlinksDisplayedasRequirements.expediaGlobalSitesFooterLinkTexts()'><b>expediaGlobalSitesFooterLinkTexts</b><br>Test class: tests.VerifyallFooterlinksDisplayedasRequirements</td>
<td></td>
<td>1</td>
<td>tests.VerifyallFooterlinksDisplayedasRequirements@4ac3c60d</td></tr>
<tr>
<td title='tests.VerifyallFooterlinksDisplayedasRequirements.expediaLinksFooterLinktexts()'><b>expediaLinksFooterLinktexts</b><br>Test class: tests.VerifyallFooterlinksDisplayedasRequirements</td>
<td></td>
<td>0</td>
<td>tests.VerifyallFooterlinksDisplayedasRequirements@4ac3c60d</td></tr>
<tr>
<td title='tests.VerifyExpediaLogoandQRCodeDisplayedonTheHomePage.expediaLogo()'><b>expediaLogo</b><br>Test class: tests.VerifyExpediaLogoandQRCodeDisplayedonTheHomePage</td>
<td></td>
<td>0</td>
<td>tests.VerifyExpediaLogoandQRCodeDisplayedonTheHomePage@1725dc0f</td></tr>
<tr>
<td title='tests.VerifyHomePageScrollBarMovesAlltheWayBottomofthePage.expediaMainPageScrollBar()'><b>expediaMainPageScrollBar</b><br>Test class: tests.VerifyHomePageScrollBarMovesAlltheWayBottomofthePage</td>
<td></td>
<td>3</td>
<td>tests.VerifyHomePageScrollBarMovesAlltheWayBottomofthePage@15c43bd9</td></tr>
<tr>
<td title='tests.VerifyallFooterlinksDisplayedasRequirements.expediaPartnerServicesFooterLinkTexts()'><b>expediaPartnerServicesFooterLinkTexts</b><br>Test class: tests.VerifyallFooterlinksDisplayedasRequirements</td>
<td></td>
<td>0</td>
<td>tests.VerifyallFooterlinksDisplayedasRequirements@4ac3c60d</td></tr>
<tr>
<td title='tests.VerifyallFooterlinksDisplayedasRequirements.expediaPartnersFooterLinktexts()'><b>expediaPartnersFooterLinktexts</b><br>Test class: tests.VerifyallFooterlinksDisplayedasRequirements</td>
<td></td>
<td>1</td>
<td>tests.VerifyallFooterlinksDisplayedasRequirements@4ac3c60d</td></tr>
<tr>
<td title='tests.VerifyallFooterlinksDisplayedasRequirements.expediaRewardsFooterLinkTexts()'><b>expediaRewardsFooterLinkTexts</b><br>Test class: tests.VerifyallFooterlinksDisplayedasRequirements</td>
<td></td>
<td>0</td>
<td>tests.VerifyallFooterlinksDisplayedasRequirements@4ac3c60d</td></tr>
<tr>
<td title='tests.VerifyallFooterlinksDisplayedasRequirements.expediaSitemapsFooterLinkTexts()'><b>expediaSitemapsFooterLinkTexts</b><br>Test class: tests.VerifyallFooterlinksDisplayedasRequirements</td>
<td></td>
<td>0</td>
<td>tests.VerifyallFooterlinksDisplayedasRequirements@4ac3c60d</td></tr>
<tr>
<td title='tests.SubHeaderFlights.flights()'><b>flights</b><br>Test class: tests.SubHeaderFlights</td>
<td></td>
<td>4</td>
<td>tests.SubHeaderFlights@31c88ec8</td></tr>
<tr>
<td title='tests.VerifyHeaderTabsTakeUsertotheRightPage.headerTabsClickability()'><b>headerTabsClickability</b><br>Test class: tests.VerifyHeaderTabsTakeUsertotheRightPage</td>
<td></td>
<td>45</td>
<td>tests.VerifyHeaderTabsTakeUsertotheRightPage@31368b99</td></tr>
<tr>
<td title='tests.VerifyExpediaLogoandQRCodeDisplayedonTheHomePage.scanQRCode()'><b>scanQRCode</b><br>Test class: tests.VerifyExpediaLogoandQRCodeDisplayedonTheHomePage</td>
<td></td>
<td>0</td>
<td>tests.VerifyExpediaLogoandQRCodeDisplayedonTheHomePage@1725dc0f</td></tr>
<tr>
<td title='tests.SigninwithValidCredentials.signInAccount()'><b>signInAccount</b><br>Test class: tests.SigninwithValidCredentials</td>
<td></td>
<td>7</td>
<td>tests.SigninwithValidCredentials@2145b572</td></tr>
<tr>
<td title='tests.ReadFromXl.testReadFromXl()'><b>testReadFromXl</b><br>Test class: tests.ReadFromXl</td>
<td></td>
<td>2</td>
<td>tests.ReadFromXl@3daa422a</td></tr>
<tr>
<td title='tests.writeinXl.testWriteinxl()'><b>testWriteinxl</b><br>Test class: tests.writeinXl</td>
<td></td>
<td>0</td>
<td>tests.writeinXl@4facf68f</td></tr>
<tr>
<td title='tests.ConfirmUserReceivedLinktexttoDownloadExpediaApp.textMessageReceive()'><b>textMessageReceive</b><br>Test class: tests.ConfirmUserReceivedLinktexttoDownloadExpediaApp</td>
<td></td>
<td>1</td>
<td>tests.ConfirmUserReceivedLinktexttoDownloadExpediaApp@39529185</td></tr>
<tr>
<td title='tests.SearchThingstoDobyDestination.thingstoDo()'><b>thingstoDo</b><br>Test class: tests.SearchThingstoDobyDestination</td>
<td></td>
<td>12</td>
<td>tests.SearchThingstoDobyDestination@3911c2a7</td></tr>
<tr>
<td title='tests.VerifyUserLandedontheRightPage.userLandedontherightpage()'><b>userLandedontherightpage</b><br>Test class: tests.VerifyUserLandedontheRightPage</td>
<td></td>
<td>0</td>
<td>tests.VerifyUserLandedontheRightPage@4f209819</td></tr>
<tr>
<td title='tests.VerifyUserUsedRightUrl.usingrighturl()'><b>usingrighturl</b><br>Test class: tests.VerifyUserUsedRightUrl</td>
<td></td>
<td>0</td>
<td>tests.VerifyUserUsedRightUrl@76508ed1</td></tr>
</table><p>
<table width='100%' border='1' class='invocation-skipped'>
<tr><td colspan='4' align='center'><b>SKIPPED TESTS</b></td></tr>
<tr><td><b>Test method</b></td>
<td width="30%"><b>Exception</b></td>
<td width="10%"><b>Time (seconds)</b></td>
<td><b>Instance</b></td>
</tr>
<tr>
<td title='tests.VerifySubHeaderTabsTakeUsertotheRightPage.subHeaderTabs()'><b>subHeaderTabs</b><br>Test class: tests.VerifySubHeaderTabsTakeUsertotheRightPage</td>
<td><div><pre>org.testng.SkipException: Requirements changed and we don&apos;t need to perform this test anymore
	at tests.VerifySubHeaderTabsTakeUsertotheRightPage.subHeaderTabs(VerifySubHeaderTabsTakeUsertotheRightPage.java:29)
... Removed 24 stack frames</pre></div><a href='#' onClick='toggleBox("stack-trace1357700757", this, "Click to show all stack frames", "Click to hide stack frames")'>Click to show all stack frames</a>
<div class='stack-trace' id='stack-trace1357700757'><pre>org.testng.SkipException: Requirements changed and we don&apos;t need to perform this test anymore
	at tests.VerifySubHeaderTabsTakeUsertotheRightPage.subHeaderTabs(VerifySubHeaderTabsTakeUsertotheRightPage.java:29)
	at sun.reflect.NativeMethodAccessorImpl.invoke0(Native Method)
	at sun.reflect.NativeMethodAccessorImpl.invoke(Unknown Source)
	at sun.reflect.DelegatingMethodAccessorImpl.invoke(Unknown Source)
	at java.lang.reflect.Method.invoke(Unknown Source)
	at org.testng.internal.MethodInvocationHelper.invokeMethod(MethodInvocationHelper.java:85)
	at org.testng.internal.Invoker.invokeMethod(Invoker.java:639)
	at org.testng.internal.Invoker.invokeTestMethod(Invoker.java:816)
	at org.testng.internal.Invoker.invokeTestMethods(Invoker.java:1124)
	at org.testng.internal.TestMethodWorker.invokeTestMethods(TestMethodWorker.java:125)
	at org.testng.internal.TestMethodWorker.run(TestMethodWorker.java:108)
	at org.testng.TestRunner.privateRun(TestRunner.java:774)
	at org.testng.TestRunner.run(TestRunner.java:624)
	at org.testng.SuiteRunner.runTest(SuiteRunner.java:359)
	at org.testng.SuiteRunner.runSequentially(SuiteRunner.java:354)
	at org.testng.SuiteRunner.privateRun(SuiteRunner.java:312)
	at org.testng.SuiteRunner.run(SuiteRunner.java:261)
	at org.testng.SuiteRunnerWorker.runSuite(SuiteRunnerWorker.java:52)
	at org.testng.SuiteRunnerWorker.run(SuiteRunnerWorker.java:86)
	at org.testng.TestNG.runSuitesSequentially(TestNG.java:1215)
	at org.testng.TestNG.runSuitesLocally(TestNG.java:1140)
	at org.testng.TestNG.run(TestNG.java:1048)
	at org.testng.remote.AbstractRemoteTestNG.run(AbstractRemoteTestNG.java:132)
	at org.testng.remote.RemoteTestNG.initAndRun(RemoteTestNG.java:236)
	at org.testng.remote.RemoteTestNG.main(RemoteTestNG.java:81)
</pre></div></td>
<td>2</td>
<td>tests.VerifySubHeaderTabsTakeUsertotheRightPage@3d74bf60</td></tr>
</table><p>
</body>
</html>