<html>
<head>
<title>TestNG:  tests</title>
<link href="../testng.css" rel="stylesheet" type="text/css" />
<link href="../my-testng.css" rel="stylesheet" type="text/css" />

<style type="text/css">
.log { display: none;} 
.stack-trace { display: none;} 
</style>
<script type="text/javascript">
<!--
function flip(e) {
  current = e.style.display;
  if (current == 'block') {
    e.style.display = 'none';
    return 0;
  }
  else {
    e.style.display = 'block';
    return 1;
  }
}

function toggleBox(szDivId, elem, msg1, msg2)
{
  var res = -1;  if (document.getElementById) {
    res = flip(document.getElementById(szDivId));
  }
  else if (document.all) {
    // this is the way old msie versions work
    res = flip(document.all[szDivId]);
  }
  if(elem) {
    if(res == 0) elem.innerHTML = msg1; else elem.innerHTML = msg2;
  }

}

function toggleAllBoxes() {
  if (document.getElementsByTagName) {
    d = document.getElementsByTagName('div');
    for (i = 0; i < d.length; i++) {
      if (d[i].className == 'log') {
        flip(d[i]);
      }
    }
  }
}

// -->
</script>

</head>
<body>
<h2 align='center'>tests</h2><table border='1' align="center">
<tr>
<td>Tests passed/Failed/Skipped:</td><td>14/1/1</td>
</tr><tr>
<td>Started on:</td><td>Mon Jun 10 15:34:03 EDT 2019</td>
</tr>
<tr><td>Total time:</td><td>268 seconds (268117 ms)</td>
</tr><tr>
<td>Included groups:</td><td></td>
</tr><tr>
<td>Excluded groups:</td><td></td>
</tr>
</table><p/>
<small><i>(Hover the method name to see the test class name)</i></small><p/>
<table width='100%' border='1' class='invocation-failed'>
<tr><td colspan='4' align='center'><b>FAILED TESTS</b></td></tr>
<tr><td><b>Test method</b></td>
<td width="30%"><b>Exception</b></td>
<td width="10%"><b>Time (seconds)</b></td>
<td><b>Instance</b></td>
</tr>
<tr>
<td title='tests.PracticeAssertisbeingFailedIntentianllytoSeeapictureintheXLSTReport.trycathch()'><b>trycathch</b><br>Test class: tests.PracticeAssertisbeingFailedIntentianllytoSeeapictureintheXLSTReport</td>
<td><div><pre>java.lang.AssertionError: expected [Up to 30% hotel discounts] but found [Up to 30% hotel discounts for app users]
	at tests.PracticeAssertisbeingFailedIntentianllytoSeeapictureintheXLSTReport.trycathch(PracticeAssertisbeingFailedIntentianllytoSeeapictureintheXLSTReport.java:27)
... Removed 28 stack frames</pre></div><a href='#' onClick='toggleBox("stack-trace1932470703", this, "Click to show all stack frames", "Click to hide stack frames")'>Click to show all stack frames</a>
<div class='stack-trace' id='stack-trace1932470703'><pre>java.lang.AssertionError: expected [Up to 30% hotel discounts] but found [Up to 30% hotel discounts for app users]
	at org.testng.Assert.fail(Assert.java:94)
	at org.testng.Assert.failNotEquals(Assert.java:496)
	at org.testng.Assert.assertEquals(Assert.java:125)
	at org.testng.Assert.assertEquals(Assert.java:178)
	at org.testng.Assert.assertEquals(Assert.java:188)
	at tests.PracticeAssertisbeingFailedIntentianllytoSeeapictureintheXLSTReport.trycathch(PracticeAssertisbeingFailedIntentianllytoSeeapictureintheXLSTReport.java:27)
	at sun.reflect.NativeMethodAccessorImpl.invoke0(Native Method)
	at sun.reflect.NativeMethodAccessorImpl.invoke(Unknown Source)
	at sun.reflect.DelegatingMethodAccessorImpl.invoke(Unknown Source)
	at java.lang.reflect.Method.invoke(Unknown Source)
	at org.testng.internal.MethodInvocationHelper.invokeMethod(MethodInvocationHelper.java:85)
	at org.testng.internal.Invoker.invokeMethod(Invoker.java:639)
	at org.testng.internal.Invoker.invokeTestMethod(Invoker.java:816)
	at org.testng.internal.Invoker.invokeTestMethods(Invoker.java:1124)
	at org.testng.internal.TestMethodWorker.invokeTestMethods(TestMethodWorker.java:125)
	at org.testng.internal.TestMethodWorker.run(TestMethodWorker.java:108)
	at org.testng.TestRunner.privateRun(TestRunner.java:774)
	at org.testng.TestRunner.run(TestRunner.java:624)
	at org.testng.SuiteRunner.runTest(SuiteRunner.java:359)
	at org.testng.SuiteRunner.runSequentially(SuiteRunner.java:354)
	at org.testng.SuiteRunner.privateRun(SuiteRunner.java:312)
	at org.testng.SuiteRunner.run(SuiteRunner.java:261)
	at org.testng.SuiteRunnerWorker.runSuite(SuiteRunnerWorker.java:52)
	at org.testng.SuiteRunnerWorker.run(SuiteRunnerWorker.java:86)
	at org.testng.TestNG.runSuitesSequentially(TestNG.java:1215)
	at org.testng.TestNG.runSuitesLocally(TestNG.java:1140)
	at org.testng.TestNG.run(TestNG.java:1048)
	at org.testng.TestNG.privateMain(TestNG.java:1355)
	at org.testng.TestNG.main(TestNG.java:1324)
</pre></div></td>
<td>0</td>
<td>tests.PracticeAssertisbeingFailedIntentianllytoSeeapictureintheXLSTReport@436a4e4b</td></tr>
</table><p>
<table width='100%' border='1' class='invocation-passed'>
<tr><td colspan='4' align='center'><b>PASSED TESTS</b></td></tr>
<tr><td><b>Test method</b></td>
<td width="30%"><b>Exception</b></td>
<td width="10%"><b>Time (seconds)</b></td>
<td><b>Instance</b></td>
</tr>
<tr>
<td title='tests.CreateAnAccountWithExpedia.accountHeader()'><b>accountHeader</b><br>Test class: tests.CreateAnAccountWithExpedia</td>
<td></td>
<td>3</td>
<td>tests.CreateAnAccountWithExpedia@3b2cf7ab</td></tr>
<tr>
<td title='tests.BookingaDesiredCar_Major_Functionality.carReservation()'><b>carReservation</b><br>Test class: tests.BookingaDesiredCar_Major_Functionality</td>
<td></td>
<td>38</td>
<td>tests.BookingaDesiredCar_Major_Functionality@143640d5</td></tr>
<tr>
<td title='tests.VerifyExpediaLogoandQRCodeDisplayedonTheHomePage.expediaLogo()'><b>expediaLogo</b><br>Test class: tests.VerifyExpediaLogoandQRCodeDisplayedonTheHomePage</td>
<td></td>
<td>0</td>
<td>tests.VerifyExpediaLogoandQRCodeDisplayedonTheHomePage@6f3b5d16</td></tr>
<tr>
<td title='tests.VerifyHomePageScrollBarMovesAlltheWayBottomofthePage.expediaMainPageScrollBar()'><b>expediaMainPageScrollBar</b><br>Test class: tests.VerifyHomePageScrollBarMovesAlltheWayBottomofthePage</td>
<td></td>
<td>3</td>
<td>tests.VerifyHomePageScrollBarMovesAlltheWayBottomofthePage@6295d394</td></tr>
<tr>
<td title='tests.SubHeaderFlights.flights()'><b>flights</b><br>Test class: tests.SubHeaderFlights</td>
<td></td>
<td>6</td>
<td>tests.SubHeaderFlights@5c1a8622</td></tr>
<tr>
<td title='tests.VerifyHeaderTabsTakeUsertotheRightPage.headerTabsClickability()'><b>headerTabsClickability</b><br>Test class: tests.VerifyHeaderTabsTakeUsertotheRightPage</td>
<td></td>
<td>31</td>
<td>tests.VerifyHeaderTabsTakeUsertotheRightPage@3b938003</td></tr>
<tr>
<td title='tests.VerifyExpediaLogoandQRCodeDisplayedonTheHomePage.scanQRCode()'><b>scanQRCode</b><br>Test class: tests.VerifyExpediaLogoandQRCodeDisplayedonTheHomePage</td>
<td></td>
<td>0</td>
<td>tests.VerifyExpediaLogoandQRCodeDisplayedonTheHomePage@6f3b5d16</td></tr>
<tr>
<td title='tests.SigninwithValidCredentials.signInAccount()'><b>signInAccount</b><br>Test class: tests.SigninwithValidCredentials</td>
<td></td>
<td>8</td>
<td>tests.SigninwithValidCredentials@f2f2cc1</td></tr>
<tr>
<td title='tests.ReadFromXl.testReadFromXl()'><b>testReadFromXl</b><br>Test class: tests.ReadFromXl</td>
<td></td>
<td>4</td>
<td>tests.ReadFromXl@2aa5fe93</td></tr>
<tr>
<td title='tests.writeinXl.testWriteinxl()'><b>testWriteinxl</b><br>Test class: tests.writeinXl</td>
<td></td>
<td>0</td>
<td>tests.writeinXl@6646153</td></tr>
<tr>
<td title='tests.ConfirmUserReceivedLinktexttoDownloadExpediaApp.textMessageReceive()'><b>textMessageReceive</b><br>Test class: tests.ConfirmUserReceivedLinktexttoDownloadExpediaApp</td>
<td></td>
<td>1</td>
<td>tests.ConfirmUserReceivedLinktexttoDownloadExpediaApp@3a079870</td></tr>
<tr>
<td title='tests.SearchThingstoDobyDestination.thingstoDo()'><b>thingstoDo</b><br>Test class: tests.SearchThingstoDobyDestination</td>
<td></td>
<td>12</td>
<td>tests.SearchThingstoDobyDestination@78b1cc93</td></tr>
<tr>
<td title='tests.VerifyUserLandedontheRightPage.userLandedontherightpage()'><b>userLandedontherightpage</b><br>Test class: tests.VerifyUserLandedontheRightPage</td>
<td></td>
<td>0</td>
<td>tests.VerifyUserLandedontheRightPage@657c8ad9</td></tr>
<tr>
<td title='tests.VerifyUserUsedRightUrl.usingrighturl()'><b>usingrighturl</b><br>Test class: tests.VerifyUserUsedRightUrl</td>
<td></td>
<td>0</td>
<td>tests.VerifyUserUsedRightUrl@21507a04</td></tr>
</table><p>
<table width='100%' border='1' class='invocation-skipped'>
<tr><td colspan='4' align='center'><b>SKIPPED TESTS</b></td></tr>
<tr><td><b>Test method</b></td>
<td width="30%"><b>Exception</b></td>
<td width="10%"><b>Time (seconds)</b></td>
<td><b>Instance</b></td>
</tr>
<tr>
<td title='tests.VerifySubHeaderTabsTakeUsertotheRightPage.subHeaderTabs()'><b>subHeaderTabs</b><br>Test class: tests.VerifySubHeaderTabsTakeUsertotheRightPage</td>
<td><div><pre>org.testng.SkipException: Requirements changed and we don&apos;t need to perform this test anymore
	at tests.VerifySubHeaderTabsTakeUsertotheRightPage.subHeaderTabs(VerifySubHeaderTabsTakeUsertotheRightPage.java:29)
... Removed 23 stack frames</pre></div><a href='#' onClick='toggleBox("stack-trace1631227617", this, "Click to show all stack frames", "Click to hide stack frames")'>Click to show all stack frames</a>
<div class='stack-trace' id='stack-trace1631227617'><pre>org.testng.SkipException: Requirements changed and we don&apos;t need to perform this test anymore
	at tests.VerifySubHeaderTabsTakeUsertotheRightPage.subHeaderTabs(VerifySubHeaderTabsTakeUsertotheRightPage.java:29)
	at sun.reflect.NativeMethodAccessorImpl.invoke0(Native Method)
	at sun.reflect.NativeMethodAccessorImpl.invoke(Unknown Source)
	at sun.reflect.DelegatingMethodAccessorImpl.invoke(Unknown Source)
	at java.lang.reflect.Method.invoke(Unknown Source)
	at org.testng.internal.MethodInvocationHelper.invokeMethod(MethodInvocationHelper.java:85)
	at org.testng.internal.Invoker.invokeMethod(Invoker.java:639)
	at org.testng.internal.Invoker.invokeTestMethod(Invoker.java:816)
	at org.testng.internal.Invoker.invokeTestMethods(Invoker.java:1124)
	at org.testng.internal.TestMethodWorker.invokeTestMethods(TestMethodWorker.java:125)
	at org.testng.internal.TestMethodWorker.run(TestMethodWorker.java:108)
	at org.testng.TestRunner.privateRun(TestRunner.java:774)
	at org.testng.TestRunner.run(TestRunner.java:624)
	at org.testng.SuiteRunner.runTest(SuiteRunner.java:359)
	at org.testng.SuiteRunner.runSequentially(SuiteRunner.java:354)
	at org.testng.SuiteRunner.privateRun(SuiteRunner.java:312)
	at org.testng.SuiteRunner.run(SuiteRunner.java:261)
	at org.testng.SuiteRunnerWorker.runSuite(SuiteRunnerWorker.java:52)
	at org.testng.SuiteRunnerWorker.run(SuiteRunnerWorker.java:86)
	at org.testng.TestNG.runSuitesSequentially(TestNG.java:1215)
	at org.testng.TestNG.runSuitesLocally(TestNG.java:1140)
	at org.testng.TestNG.run(TestNG.java:1048)
	at org.testng.TestNG.privateMain(TestNG.java:1355)
	at org.testng.TestNG.main(TestNG.java:1324)
</pre></div></td>
<td>2</td>
<td>tests.VerifySubHeaderTabsTakeUsertotheRightPage@475e586c</td></tr>
</table><p>
</body>
</html>