<?xml version="1.0" encoding="UTF-8"?>
<!-- Generated by org.testng.reporters.JUnitXMLReporter -->
<testsuite hostname="DESKTOP-5TRQ2HB" name="tests" tests="16" failures="1" timestamp="10 Jun 2019 19:38:31 GMT" time="268.117" errors="0">
  <testcase name="headerTabsClickability" time="31.772" classname="tests.VerifyHeaderTabsTakeUsertotheRightPage"/>
  <testcase name="carReservation" time="38.211" classname="tests.BookingaDesiredCar_Major_Functionality"/>
  <testcase name="expediaLogo" time="0.116" classname="tests.VerifyExpediaLogoandQRCodeDisplayedonTheHomePage"/>
  <testcase name="scanQRCode" time="0.061" classname="tests.VerifyExpediaLogoandQRCodeDisplayedonTheHomePage"/>
  <testcase name="thingstoDo" time="12.094" classname="tests.SearchThingstoDobyDestination"/>
  <testcase name="expediaMainPageScrollBar" time="3.012" classname="tests.VerifyHomePageScrollBarMovesAlltheWayBottomofthePage"/>
  <testcase name="testWriteinxl" time="0.778" classname="tests.writeinXl"/>
  <testcase name="subHeaderTabs" time="2.093" classname="tests.VerifySubHeaderTabsTakeUsertotheRightPage">
    <skipped/>
  </testcase> <!-- subHeaderTabs -->
  <testcase name="usingrighturl" time="0.018" classname="tests.VerifyUserUsedRightUrl"/>
  <testcase name="userLandedontherightpage" time="0.03" classname="tests.VerifyUserLandedontheRightPage"/>
  <testcase name="trycathch" time="0.067" classname="tests.PracticeAssertisbeingFailedIntentianllytoSeeapictureintheXLSTReport">
    <failure type="java.lang.AssertionError" message="expected [Up to 30% hotel discounts] but found [Up to 30% hotel discounts for app users]">
      <![CDATA[java.lang.AssertionError: expected [Up to 30% hotel discounts] but found [Up to 30% hotel discounts for app users]
	at tests.PracticeAssertisbeingFailedIntentianllytoSeeapictureintheXLSTReport.trycathch(PracticeAssertisbeingFailedIntentianllytoSeeapictureintheXLSTReport.java:27)
... Removed 28 stack frames]]>
    </failure>
  </testcase> <!-- trycathch -->
  <testcase name="signInAccount" time="8.209" classname="tests.SigninwithValidCredentials"/>
  <testcase name="textMessageReceive" time="1.984" classname="tests.ConfirmUserReceivedLinktexttoDownloadExpediaApp"/>
  <testcase name="accountHeader" time="3.38" classname="tests.CreateAnAccountWithExpedia"/>
  <testcase name="testReadFromXl" time="4.048" classname="tests.ReadFromXl"/>
  <testcase name="flights" time="6.141" classname="tests.SubHeaderFlights"/>
</testsuite> <!-- tests -->
